<?xml version="1.0" encoding="UTF-8"?>
<!-- Generated by org.testng.reporters.JUnitReportReporter -->
<testsuite skipped="1" hostname="rajesh-ThinkPad-L480" name="testng.Basic_TestNG" tests="3" failures="0" timestamp="29 Apr 2020 15:04:05 GMT" time="0.010" errors="0">
  <testcase name="createCustomer" time="0.007" classname="testng.Basic_TestNG"/>
  <testcase name="editCustomer" time="0.003" classname="testng.Basic_TestNG"/>
  <testcase name="deleteCustomer" classname="testng.Basic_TestNG">
    <skipped/>
  </testcase> <!-- deleteCustomer -->
</testsuite> <!-- testng.Basic_TestNG -->
