<?xml version="1.0" encoding="UTF-8"?>
<!-- Generated by org.testng.reporters.JUnitReportReporter -->
<testsuite skipped="0" hostname="rajesh-ThinkPad-L480" name="com.companyName.TestCases.SamplePostRequest" tests="3" failures="0" timestamp="11 May 2020 15:19:34 GMT" time="0.026" errors="0">
  <testcase name="verifyStatusCode" time="0.002" classname="com.companyName.TestCases.SamplePostRequest"/>
  <testcase name="checkBody" time="0.022" classname="com.companyName.TestCases.SamplePostRequest"/>
  <testcase name="check_responseTime" time="0.002" classname="com.companyName.TestCases.SamplePostRequest"/>
</testsuite> <!-- com.companyName.TestCases.SamplePostRequest -->
