<?xml version="1.0" encoding="UTF-8"?>
<!-- Generated by org.testng.reporters.JUnitReportReporter -->
<testsuite skipped="0" hostname="rajesh-ThinkPad-L480" name="testng.TestClass" tests="1" failures="0" timestamp="05 May 2020 14:10:33 GMT" time="0.011" errors="0">
  <testcase name="testMethod" time="0.011" classname="testng.TestClass"/>
</testsuite> <!-- testng.TestClass -->
