<?xml version="1.0" encoding="UTF-8"?>
<!-- Generated by org.testng.reporters.JUnitReportReporter -->
<testsuite skipped="0" hostname="rajesh-ThinkPad-L480" name="com.companyName.TestCases.SampleGet" tests="3" failures="0" timestamp="11 May 2020 15:19:34 GMT" time="0.402" errors="0">
  <testcase name="checkBody" time="0.389" classname="com.companyName.TestCases.SampleGet"/>
  <testcase name="check_responseTime" time="0.003" classname="com.companyName.TestCases.SampleGet"/>
  <testcase name="verifyStatusCode" time="0.010" classname="com.companyName.TestCases.SampleGet"/>
</testsuite> <!-- com.companyName.TestCases.SampleGet -->
