<?xml version="1.0" encoding="UTF-8"?>
<!-- Generated by org.testng.reporters.JUnitReportReporter -->
<testsuite skipped="0" hostname="rajesh-ThinkPad-L480" name="com.companyName.TestCases.SampleGet" tests="3" failures="0" timestamp="07 May 2020 14:33:32 GMT" time="0.375" errors="0">
  <testcase name="verifyStatusCode" time="0.013" classname="com.companyName.TestCases.SampleGet"/>
  <testcase name="checkBody" time="0.360" classname="com.companyName.TestCases.SampleGet"/>
  <testcase name="check_responseTime" time="0.002" classname="com.companyName.TestCases.SampleGet"/>
</testsuite> <!-- com.companyName.TestCases.SampleGet -->
