<?xml version="1.0" encoding="UTF-8"?>
<!-- Generated by org.testng.reporters.JUnitReportReporter -->
<testsuite skipped="0" hostname="rajesh-ThinkPad-L480" name="com.companyName.TestCases.SamplePostRequest" tests="3" failures="0" timestamp="07 May 2020 14:41:27 GMT" time="0.428" errors="0">
  <testcase name="verifyStatusCode" time="0.012" classname="com.companyName.TestCases.SamplePostRequest"/>
  <testcase name="checkBody" time="0.414" classname="com.companyName.TestCases.SamplePostRequest"/>
  <testcase name="check_responseTime" time="0.002" classname="com.companyName.TestCases.SamplePostRequest"/>
</testsuite> <!-- com.companyName.TestCases.SamplePostRequest -->
